c:\users\maor\source\repos\os_ex4\ex4\server\debug\vc142.pdb
c:\users\maor\source\repos\os_ex4\ex4\server\debug\vc142.idb
c:\users\maor\source\repos\os_ex4\ex4\server\debug\service_thread.obj
c:\users\maor\source\repos\os_ex4\ex4\server\debug\main_server.obj
c:\users\maor\source\repos\os_ex4\ex4\server\debug\shared_communication.obj
c:\users\maor\source\repos\os_ex4\ex4\debug\server.exe
c:\users\maor\source\repos\os_ex4\ex4\debug\server.ilk
c:\users\maor\source\repos\os_ex4\ex4\debug\server.pdb
c:\users\haimpiche\documents\תכנות מערכות\תרגיל 4\ex4\server\debug\main_server.obj
c:\users\haimpiche\documents\תכנות מערכות\תרגיל 4\ex4\server\debug\service_thread.obj
c:\users\haimpiche\documents\תכנות מערכות\תרגיל 4\ex4\server\debug\shared_communication.obj
c:\users\haimpiche\documents\תכנות מערכות\תרגיל 4\ex4\server\debug\vc142.idb
c:\users\haimpiche\documents\תכנות מערכות\תרגיל 4\ex4\server\debug\vc142.pdb
c:\users\haimpiche\documents\תכנות מערכות\תרגיל 4\ex4\debug\server.pdb
c:\users\haimpiche\documents\תכנות מערכות\תרגיל 4\ex4\debug\server.exe
c:\users\haimpiche\documents\תכנות מערכות\תרגיל 4\ex4\debug\server.ilk
c:\users\haimpiche\documents\תכנות מערכות\תרגיל 4\ex4\server\debug\server.tlog\cl.command.1.tlog
c:\users\haimpiche\documents\תכנות מערכות\תרגיל 4\ex4\server\debug\server.tlog\cl.read.1.tlog
c:\users\haimpiche\documents\תכנות מערכות\תרגיל 4\ex4\server\debug\server.tlog\cl.write.1.tlog
c:\users\haimpiche\documents\תכנות מערכות\תרגיל 4\ex4\server\debug\server.tlog\link.command.1.tlog
c:\users\haimpiche\documents\תכנות מערכות\תרגיל 4\ex4\server\debug\server.tlog\link.read.1.tlog
c:\users\haimpiche\documents\תכנות מערכות\תרגיל 4\ex4\server\debug\server.tlog\link.write.1.tlog
