c:\users\maor\source\repos\os_ex4\ex4\client\debug\vc142.pdb
c:\users\maor\source\repos\os_ex4\ex4\client\debug\vc142.idb
c:\users\maor\source\repos\os_ex4\ex4\client\debug\shared_communication.obj
c:\users\maor\source\repos\os_ex4\ex4\client\debug\main_client.obj
c:\users\maor\source\repos\os_ex4\ex4\debug\client.exe
c:\users\maor\source\repos\os_ex4\ex4\debug\client.ilk
c:\users\maor\source\repos\os_ex4\ex4\debug\client.pdb
c:\users\haimpiche\documents\תכנות מערכות\תרגיל 4\ex4\client\debug\main_client.obj
c:\users\haimpiche\documents\תכנות מערכות\תרגיל 4\ex4\client\debug\shared_communication.obj
c:\users\haimpiche\documents\תכנות מערכות\תרגיל 4\ex4\client\debug\vc142.idb
c:\users\haimpiche\documents\תכנות מערכות\תרגיל 4\ex4\client\debug\vc142.pdb
c:\users\haimpiche\documents\תכנות מערכות\תרגיל 4\ex4\debug\client.pdb
c:\users\haimpiche\documents\תכנות מערכות\תרגיל 4\ex4\debug\client.exe
c:\users\haimpiche\documents\תכנות מערכות\תרגיל 4\ex4\debug\client.ilk
c:\users\haimpiche\documents\תכנות מערכות\תרגיל 4\ex4\client\debug\client.tlog\cl.command.1.tlog
c:\users\haimpiche\documents\תכנות מערכות\תרגיל 4\ex4\client\debug\client.tlog\cl.read.1.tlog
c:\users\haimpiche\documents\תכנות מערכות\תרגיל 4\ex4\client\debug\client.tlog\cl.write.1.tlog
c:\users\haimpiche\documents\תכנות מערכות\תרגיל 4\ex4\client\debug\client.tlog\link.command.1.tlog
c:\users\haimpiche\documents\תכנות מערכות\תרגיל 4\ex4\client\debug\client.tlog\link.read.1.tlog
c:\users\haimpiche\documents\תכנות מערכות\תרגיל 4\ex4\client\debug\client.tlog\link.write.1.tlog
